# JRE version: Java(TM) SE Runtime Environment (8.0_181-b13) (build 1.8.0_181-b13)
# Java VM: Java HotSpot(TM) 64-Bit Server VM (25.181-b13 mixed mode windows-amd64 compressed oops)
Heap:
 PSYoungGen      total 385536K, used 21760K [0x00000000d6500000, 0x00000000f0a00000, 0x0000000100000000)
  eden space 343040K, 6% used [0x00000000d6500000,0x00000000d7a400d0,0x00000000eb400000)
  from space 42496K, 0% used [0x00000000ee080000,0x00000000ee080000,0x00000000f0a00000)
  to   space 44032K, 0% used [0x00000000eb400000,0x00000000eb400000,0x00000000edf00000)
 ParOldGen       total 140800K, used 36779K [0x0000000082e00000, 0x000000008b780000, 0x00000000d6500000)
  object space 140800K, 26% used [0x0000000082e00000,0x00000000851eae50,0x000000008b780000)
 Metaspace       used 42351K, capacity 43106K, committed 43440K, reserved 1087488K
  class space    used 4992K, capacity 5251K, committed 5296K, reserved 1048576K
GC Heap History (10 events):
Event: 4.722 GC heap before
{Heap before GC invocations=11 (full 1):
 PSYoungGen      total 216064K, used 216036K [0x00000000d6500000, 0x00000000ead80000, 0x0000000100000000)
  eden space 193024K, 100% used [0x00000000d6500000,0x00000000e2180000,0x00000000e2180000)
  from space 23040K, 99% used [0x00000000e2180000,0x00000000e37f9358,0x00000000e3800000)
  to   space 32768K, 0% used [0x00000000e8d80000,0x00000000e8d80000,0x00000000ead80000)
 ParOldGen       total 68608K, used 47988K [0x0000000082e00000, 0x0000000087100000, 0x00000000d6500000)
  object space 68608K, 69% used [0x0000000082e00000,0x0000000085cdd0a0,0x0000000087100000)
 Metaspace       used 24215K, capacity 24786K, committed 25136K, reserved 1071104K
  class space    used 2817K, capacity 2999K, committed 3120K, reserved 1048576K
Event: 4.770 GC heap after
Heap after GC invocations=11 (full 1):
 PSYoungGen      total 295424K, used 32759K [0x00000000d6500000, 0x00000000ec500000, 0x0000000100000000)
  eden space 262656K, 0% used [0x00000000d6500000,0x00000000d6500000,0x00000000e6580000)
  from space 32768K, 99% used [0x00000000e8d80000,0x00000000ead7df28,0x00000000ead80000)
  to   space 40960K, 0% used [0x00000000e6580000,0x00000000e6580000,0x00000000e8d80000)
 ParOldGen       total 68608K, used 56526K [0x0000000082e00000, 0x0000000087100000, 0x00000000d6500000)
  object space 68608K, 82% used [0x0000000082e00000,0x0000000086533b50,0x0000000087100000)
 Metaspace       used 24215K, capacity 24786K, committed 25136K, reserved 1071104K
  class space    used 2817K, capacity 2999K, committed 3120K, reserved 1048576K
}
Event: 4.770 GC heap before
{Heap before GC invocations=12 (full 2):
 PSYoungGen      total 295424K, used 32759K [0x00000000d6500000, 0x00000000ec500000, 0x0000000100000000)
  eden space 262656K, 0% used [0x00000000d6500000,0x00000000d6500000,0x00000000e6580000)
  from space 32768K, 99% used [0x00000000e8d80000,0x00000000ead7df28,0x00000000ead80000)
  to   space 40960K, 0% used [0x00000000e6580000,0x00000000e6580000,0x00000000e8d80000)
 ParOldGen       total 68608K, used 56526K [0x0000000082e00000, 0x0000000087100000, 0x00000000d6500000)
  object space 68608K, 82% used [0x0000000082e00000,0x0000000086533b50,0x0000000087100000)
 Metaspace       used 24215K, capacity 24786K, committed 25136K, reserved 1071104K
  class space    used 2817K, capacity 2999K, committed 3120K, reserved 1048576K
Event: 4.882 GC heap after
Heap after GC invocations=12 (full 2):
 PSYoungGen      total 295424K, used 0K [0x00000000d6500000, 0x00000000ec500000, 0x0000000100000000)
  eden space 262656K, 0% used [0x00000000d6500000,0x00000000d6500000,0x00000000e6580000)
  from space 32768K, 0% used [0x00000000e8d80000,0x00000000e8d80000,0x00000000ead80000)
  to   space 40960K, 0% used [0x00000000e6580000,0x00000000e6580000,0x00000000e8d80000)
 ParOldGen       total 135168K, used 52159K [0x0000000082e00000, 0x000000008b200000, 0x00000000d6500000)
  object space 135168K, 38% used [0x0000000082e00000,0x00000000860efd88,0x000000008b200000)
 Metaspace       used 24215K, capacity 24786K, committed 25136K, reserved 1071104K
  class space    used 2817K, capacity 2999K, committed 3120K, reserved 1048576K
}
Event: 17.114 GC heap before
{Heap before GC invocations=13 (full 2):
 PSYoungGen      total 295424K, used 262656K [0x00000000d6500000, 0x00000000ec500000, 0x0000000100000000)
  eden space 262656K, 100% used [0x00000000d6500000,0x00000000e6580000,0x00000000e6580000)
  from space 32768K, 0% used [0x00000000e8d80000,0x00000000e8d80000,0x00000000ead80000)
  to   space 40960K, 0% used [0x00000000e6580000,0x00000000e6580000,0x00000000e8d80000)
 ParOldGen       total 135168K, used 52159K [0x0000000082e00000, 0x000000008b200000, 0x00000000d6500000)
  object space 135168K, 38% used [0x0000000082e00000,0x00000000860efd88,0x000000008b200000)
 Metaspace       used 37488K, capacity 38198K, committed 38576K, reserved 1083392K
  class space    used 4461K, capacity 4705K, committed 4784K, reserved 1048576K
Event: 17.137 GC heap after
Heap after GC invocations=13 (full 2):
 PSYoungGen      total 303616K, used 32252K [0x00000000d6500000, 0x00000000f0b80000, 0x0000000100000000)
  eden space 262656K, 0% used [0x00000000d6500000,0x00000000d6500000,0x00000000e6580000)
  from space 40960K, 78% used [0x00000000e6580000,0x00000000e84ff088,0x00000000e8d80000)
  to   space 44032K, 0% used [0x00000000ee080000,0x00000000ee080000,0x00000000f0b80000)
 ParOldGen       total 135168K, used 52175K [0x0000000082e00000, 0x000000008b200000, 0x00000000d6500000)
  object space 135168K, 38% used [0x0000000082e00000,0x00000000860f3d88,0x000000008b200000)
 Metaspace       used 37488K, capacity 38198K, committed 38576K, reserved 1083392K
  class space    used 4461K, capacity 4705K, committed 4784K, reserved 1048576K
}
Event: 17.528 GC heap before
{Heap before GC invocations=14 (full 2):
 PSYoungGen      total 303616K, used 88384K [0x00000000d6500000, 0x00000000f0b80000, 0x0000000100000000)
  eden space 262656K, 21% used [0x00000000d6500000,0x00000000d9bd0ff0,0x00000000e6580000)
  from space 40960K, 78% used [0x00000000e6580000,0x00000000e84ff088,0x00000000e8d80000)
  to   space 44032K, 0% used [0x00000000ee080000,0x00000000ee080000,0x00000000f0b80000)
 ParOldGen       total 135168K, used 52175K [0x0000000082e00000, 0x000000008b200000, 0x00000000d6500000)
  object space 135168K, 38% used [0x0000000082e00000,0x00000000860f3d88,0x000000008b200000)
 Metaspace       used 40877K, capacity 41596K, committed 41896K, reserved 1085440K
  class space    used 4835K, capacity 5090K, committed 5168K, reserved 1048576K
Event: 17.540 GC heap after
Heap after GC invocations=14 (full 2):
 PSYoungGen      total 385536K, used 5224K [0x00000000d6500000, 0x00000000f0a00000, 0x0000000100000000)
  eden space 343040K, 0% used [0x00000000d6500000,0x00000000d6500000,0x00000000eb400000)
  from space 42496K, 12% used [0x00000000ee080000,0x00000000ee59a278,0x00000000f0a00000)
  to   space 44032K, 0% used [0x00000000eb400000,0x00000000eb400000,0x00000000edf00000)
 ParOldGen       total 135168K, used 68169K [0x0000000082e00000, 0x000000008b200000, 0x00000000d6500000)
  object space 135168K, 50% used [0x0000000082e00000,0x0000000087092640,0x000000008b200000)
 Metaspace       used 40877K, capacity 41596K, committed 41896K, reserved 1085440K
  class space    used 4835K, capacity 5090K, committed 5168K, reserved 1048576K
}
Event: 17.540 GC heap before
{Heap before GC invocations=15 (full 3):
 PSYoungGen      total 385536K, used 5224K [0x00000000d6500000, 0x00000000f0a00000, 0x0000000100000000)
  eden space 343040K, 0% used [0x00000000d6500000,0x00000000d6500000,0x00000000eb400000)
  from space 42496K, 12% used [0x00000000ee080000,0x00000000ee59a278,0x00000000f0a00000)
  to   space 44032K, 0% used [0x00000000eb400000,0x00000000eb400000,0x00000000edf00000)
 ParOldGen       total 135168K, used 68169K [0x0000000082e00000, 0x000000008b200000, 0x00000000d6500000)
  object space 135168K, 50% used [0x0000000082e00000,0x0000000087092640,0x000000008b200000)
 Metaspace       used 40877K, capacity 41596K, committed 41896K, reserved 1085440K
  class space    used 4835K, capacity 5090K, committed 5168K, reserved 1048576K
Event: 17.691 GC heap after
Heap after GC invocations=15 (full 3):
 PSYoungGen      total 385536K, used 0K [0x00000000d6500000, 0x00000000f0a00000, 0x0000000100000000)
  eden space 343040K, 0% used [0x00000000d6500000,0x00000000d6500000,0x00000000eb400000)
  from space 42496K, 0% used [0x00000000ee080000,0x00000000ee080000,0x00000000f0a00000)
  to   space 44032K, 0% used [0x00000000eb400000,0x00000000eb400000,0x00000000edf00000)
 ParOldGen       total 140800K, used 36779K [0x0000000082e00000, 0x000000008b780000, 0x00000000d6500000)
  object space 140800K, 26% used [0x0000000082e00000,0x00000000851eae50,0x000000008b780000)
 Metaspace       used 40877K, capacity 41596K, committed 41896K, reserved 1085440K
  class space    used 4835K, capacity 5090K, committed 5168K, reserved 1048576K
}

