# JRE version: Java(TM) SE Runtime Environment (8.0_181-b13) (build 1.8.0_181-b13)
# Java VM: Java HotSpot(TM) 64-Bit Server VM (25.181-b13 mixed mode windows-amd64 compressed oops)
Heap:
 PSYoungGen      total 217088K, used 109394K [0x00000000d6500000, 0x00000000e9900000, 0x0000000100000000)
  eden space 184832K, 41% used [0x00000000d6500000,0x00000000db05bc70,0x00000000e1980000)
  from space 32256K, 99% used [0x00000000e7980000,0x00000000e98f8f78,0x00000000e9900000)
  to   space 23040K, 0% used [0x00000000e1980000,0x00000000e1980000,0x00000000e3000000)
 ParOldGen       total 71168K, used 54285K [0x0000000082e00000, 0x0000000087380000, 0x00000000d6500000)
  object space 71168K, 76% used [0x0000000082e00000,0x00000000863034f8,0x0000000087380000)
 Metaspace       used 24140K, capacity 24722K, committed 24880K, reserved 1071104K
  class space    used 2818K, capacity 2999K, committed 3120K, reserved 1048576K
GC Heap History (10 events):
Event: 2.272 GC heap before
{Heap before GC invocations=7 (full 1):
 PSYoungGen      total 141824K, used 9654K [0x00000000d6500000, 0x00000000dfc00000, 0x0000000100000000)
  eden space 130560K, 0% used [0x00000000d6500000,0x00000000d6500000,0x00000000de480000)
  from space 11264K, 85% used [0x00000000df000000,0x00000000df96d978,0x00000000dfb00000)
  to   space 11776K, 0% used [0x00000000de480000,0x00000000de480000,0x00000000df000000)
 ParOldGen       total 86016K, used 13002K [0x0000000082e00000, 0x0000000088200000, 0x00000000d6500000)
  object space 86016K, 15% used [0x0000000082e00000,0x0000000083ab2890,0x0000000088200000)
 Metaspace       used 20703K, capacity 21184K, committed 21296K, reserved 1069056K
  class space    used 2434K, capacity 2590K, committed 2608K, reserved 1048576K
Event: 2.317 GC heap after
Heap after GC invocations=7 (full 1):
 PSYoungGen      total 141824K, used 0K [0x00000000d6500000, 0x00000000dfc00000, 0x0000000100000000)
  eden space 130560K, 0% used [0x00000000d6500000,0x00000000d6500000,0x00000000de480000)
  from space 11264K, 0% used [0x00000000df000000,0x00000000df000000,0x00000000dfb00000)
  to   space 11776K, 0% used [0x00000000de480000,0x00000000de480000,0x00000000df000000)
 ParOldGen       total 71168K, used 14875K [0x0000000082e00000, 0x0000000087380000, 0x00000000d6500000)
  object space 71168K, 20% used [0x0000000082e00000,0x0000000083c86ed8,0x0000000087380000)
 Metaspace       used 20703K, capacity 21184K, committed 21296K, reserved 1069056K
  class space    used 2434K, capacity 2590K, committed 2608K, reserved 1048576K
}
Event: 3.103 GC heap before
{Heap before GC invocations=8 (full 1):
 PSYoungGen      total 141824K, used 130560K [0x00000000d6500000, 0x00000000dfc00000, 0x0000000100000000)
  eden space 130560K, 100% used [0x00000000d6500000,0x00000000de480000,0x00000000de480000)
  from space 11264K, 0% used [0x00000000df000000,0x00000000df000000,0x00000000dfb00000)
  to   space 11776K, 0% used [0x00000000de480000,0x00000000de480000,0x00000000df000000)
 ParOldGen       total 71168K, used 14875K [0x0000000082e00000, 0x0000000087380000, 0x00000000d6500000)
  object space 71168K, 20% used [0x0000000082e00000,0x0000000083c86ed8,0x0000000087380000)
 Metaspace       used 24111K, capacity 24652K, committed 24880K, reserved 1071104K
  class space    used 2814K, capacity 2997K, committed 3120K, reserved 1048576K
Event: 3.114 GC heap after
Heap after GC invocations=8 (full 1):
 PSYoungGen      total 142336K, used 11760K [0x00000000d6500000, 0x00000000e4080000, 0x0000000100000000)
  eden space 130560K, 0% used [0x00000000d6500000,0x00000000d6500000,0x00000000de480000)
  from space 11776K, 99% used [0x00000000de480000,0x00000000deffc018,0x00000000df000000)
  to   space 16896K, 0% used [0x00000000e3000000,0x00000000e3000000,0x00000000e4080000)
 ParOldGen       total 71168K, used 22803K [0x0000000082e00000, 0x0000000087380000, 0x00000000d6500000)
  object space 71168K, 32% used [0x0000000082e00000,0x0000000084444e50,0x0000000087380000)
 Metaspace       used 24111K, capacity 24652K, committed 24880K, reserved 1071104K
  class space    used 2814K, capacity 2997K, committed 3120K, reserved 1048576K
}
Event: 3.470 GC heap before
{Heap before GC invocations=9 (full 1):
 PSYoungGen      total 142336K, used 142320K [0x00000000d6500000, 0x00000000e4080000, 0x0000000100000000)
  eden space 130560K, 100% used [0x00000000d6500000,0x00000000de480000,0x00000000de480000)
  from space 11776K, 99% used [0x00000000de480000,0x00000000deffc018,0x00000000df000000)
  to   space 16896K, 0% used [0x00000000e3000000,0x00000000e3000000,0x00000000e4080000)
 ParOldGen       total 71168K, used 22803K [0x0000000082e00000, 0x0000000087380000, 0x00000000d6500000)
  object space 71168K, 32% used [0x0000000082e00000,0x0000000084444e50,0x0000000087380000)
 Metaspace       used 24114K, capacity 24652K, committed 24880K, reserved 1071104K
  class space    used 2814K, capacity 2997K, committed 3120K, reserved 1048576K
Event: 3.485 GC heap after
Heap after GC invocations=9 (full 1):
 PSYoungGen      total 201728K, used 16888K [0x00000000d6500000, 0x00000000e5680000, 0x0000000100000000)
  eden space 184832K, 0% used [0x00000000d6500000,0x00000000d6500000,0x00000000e1980000)
  from space 16896K, 99% used [0x00000000e3000000,0x00000000e407e310,0x00000000e4080000)
  to   space 23040K, 0% used [0x00000000e1980000,0x00000000e1980000,0x00000000e3000000)
 ParOldGen       total 71168K, used 31294K [0x0000000082e00000, 0x0000000087380000, 0x00000000d6500000)
  object space 71168K, 43% used [0x0000000082e00000,0x0000000084c8fa48,0x0000000087380000)
 Metaspace       used 24114K, capacity 24652K, committed 24880K, reserved 1071104K
  class space    used 2814K, capacity 2997K, committed 3120K, reserved 1048576K
}
Event: 4.018 GC heap before
{Heap before GC invocations=10 (full 1):
 PSYoungGen      total 201728K, used 201720K [0x00000000d6500000, 0x00000000e5680000, 0x0000000100000000)
  eden space 184832K, 100% used [0x00000000d6500000,0x00000000e1980000,0x00000000e1980000)
  from space 16896K, 99% used [0x00000000e3000000,0x00000000e407e310,0x00000000e4080000)
  to   space 23040K, 0% used [0x00000000e1980000,0x00000000e1980000,0x00000000e3000000)
 ParOldGen       total 71168K, used 31294K [0x0000000082e00000, 0x0000000087380000, 0x00000000d6500000)
  object space 71168K, 43% used [0x0000000082e00000,0x0000000084c8fa48,0x0000000087380000)
 Metaspace       used 24137K, capacity 24722K, committed 24880K, reserved 1071104K
  class space    used 2818K, capacity 2999K, committed 3120K, reserved 1048576K
Event: 4.043 GC heap after
Heap after GC invocations=10 (full 1):
 PSYoungGen      total 207872K, used 23021K [0x00000000d6500000, 0x00000000e9900000, 0x0000000100000000)
  eden space 184832K, 0% used [0x00000000d6500000,0x00000000d6500000,0x00000000e1980000)
  from space 23040K, 99% used [0x00000000e1980000,0x00000000e2ffb668,0x00000000e3000000)
  to   space 32256K, 0% used [0x00000000e7980000,0x00000000e7980000,0x00000000e9900000)
 ParOldGen       total 71168K, used 45809K [0x0000000082e00000, 0x0000000087380000, 0x00000000d6500000)
  object space 71168K, 64% used [0x0000000082e00000,0x0000000085abc500,0x0000000087380000)
 Metaspace       used 24137K, capacity 24722K, committed 24880K, reserved 1071104K
  class space    used 2818K, capacity 2999K, committed 3120K, reserved 1048576K
}
Event: 4.472 GC heap before
{Heap before GC invocations=11 (full 1):
 PSYoungGen      total 207872K, used 207853K [0x00000000d6500000, 0x00000000e9900000, 0x0000000100000000)
  eden space 184832K, 100% used [0x00000000d6500000,0x00000000e1980000,0x00000000e1980000)
  from space 23040K, 99% used [0x00000000e1980000,0x00000000e2ffb668,0x00000000e3000000)
  to   space 32256K, 0% used [0x00000000e7980000,0x00000000e7980000,0x00000000e9900000)
 ParOldGen       total 71168K, used 45809K [0x0000000082e00000, 0x0000000087380000, 0x00000000d6500000)
  object space 71168K, 64% used [0x0000000082e00000,0x0000000085abc500,0x0000000087380000)
 Metaspace       used 24137K, capacity 24722K, committed 24880K, reserved 1071104K
  class space    used 2818K, capacity 2999K, committed 3120K, reserved 1048576K
Event: 4.496 GC heap after
Heap after GC invocations=11 (full 1):
 PSYoungGen      total 217088K, used 32227K [0x00000000d6500000, 0x00000000e9900000, 0x0000000100000000)
  eden space 184832K, 0% used [0x00000000d6500000,0x00000000d6500000,0x00000000e1980000)
  from space 32256K, 99% used [0x00000000e7980000,0x00000000e98f8f78,0x00000000e9900000)
  to   space 23040K, 0% used [0x00000000e1980000,0x00000000e1980000,0x00000000e3000000)
 ParOldGen       total 71168K, used 54285K [0x0000000082e00000, 0x0000000087380000, 0x00000000d6500000)
  object space 71168K, 76% used [0x0000000082e00000,0x00000000863034f8,0x0000000087380000)
 Metaspace       used 24137K, capacity 24722K, committed 24880K, reserved 1071104K
  class space    used 2818K, capacity 2999K, committed 3120K, reserved 1048576K
}

