# JRE version: Java(TM) SE Runtime Environment (8.0_181-b13) (build 1.8.0_181-b13)
# Java VM: Java HotSpot(TM) 64-Bit Server VM (25.181-b13 mixed mode windows-amd64 compressed oops)
Heap:
 PSYoungGen      total 303104K, used 84540K [0x00000000d6500000, 0x00000000f1300000, 0x0000000100000000)
  eden space 261632K, 22% used [0x00000000d6500000,0x00000000d9dc7778,0x00000000e6480000)
  from space 41472K, 63% used [0x00000000e6480000,0x00000000e7e47958,0x00000000e8d00000)
  to   space 42496K, 0% used [0x00000000ee980000,0x00000000ee980000,0x00000000f1300000)
 ParOldGen       total 133120K, used 52961K [0x0000000082e00000, 0x000000008b000000, 0x00000000d6500000)
  object space 133120K, 39% used [0x0000000082e00000,0x00000000861b8790,0x000000008b000000)
 Metaspace       used 39629K, capacity 40428K, committed 40624K, reserved 1085440K
  class space    used 4773K, capacity 5008K, committed 5040K, reserved 1048576K
GC Heap History (10 events):
Event: 3.621 GC heap before
{Heap before GC invocations=9 (full 1):
 PSYoungGen      total 141824K, used 141816K [0x00000000d6500000, 0x00000000e4a00000, 0x0000000100000000)
  eden space 130560K, 100% used [0x00000000d6500000,0x00000000de480000,0x00000000de480000)
  from space 11264K, 99% used [0x00000000de480000,0x00000000def7e108,0x00000000def80000)
  to   space 16896K, 0% used [0x00000000e3980000,0x00000000e3980000,0x00000000e4a00000)
 ParOldGen       total 68608K, used 23366K [0x0000000082e00000, 0x0000000087100000, 0x00000000d6500000)
  object space 68608K, 34% used [0x0000000082e00000,0x00000000844d1ab8,0x0000000087100000)
 Metaspace       used 24132K, capacity 24772K, committed 25136K, reserved 1071104K
  class space    used 2815K, capacity 2997K, committed 3120K, reserved 1048576K
Event: 3.641 GC heap after
Heap after GC invocations=9 (full 1):
 PSYoungGen      total 210944K, used 16888K [0x00000000d6500000, 0x00000000e6080000, 0x0000000100000000)
  eden space 194048K, 0% used [0x00000000d6500000,0x00000000d6500000,0x00000000e2280000)
  from space 16896K, 99% used [0x00000000e3980000,0x00000000e49fe370,0x00000000e4a00000)
  to   space 23552K, 0% used [0x00000000e2280000,0x00000000e2280000,0x00000000e3980000)
 ParOldGen       total 68608K, used 33258K [0x0000000082e00000, 0x0000000087100000, 0x00000000d6500000)
  object space 68608K, 48% used [0x0000000082e00000,0x0000000084e7a978,0x0000000087100000)
 Metaspace       used 24132K, capacity 24772K, committed 25136K, reserved 1071104K
  class space    used 2815K, capacity 2997K, committed 3120K, reserved 1048576K
}
Event: 4.199 GC heap before
{Heap before GC invocations=10 (full 1):
 PSYoungGen      total 210944K, used 210936K [0x00000000d6500000, 0x00000000e6080000, 0x0000000100000000)
  eden space 194048K, 100% used [0x00000000d6500000,0x00000000e2280000,0x00000000e2280000)
  from space 16896K, 99% used [0x00000000e3980000,0x00000000e49fe370,0x00000000e4a00000)
  to   space 23552K, 0% used [0x00000000e2280000,0x00000000e2280000,0x00000000e3980000)
 ParOldGen       total 68608K, used 33258K [0x0000000082e00000, 0x0000000087100000, 0x00000000d6500000)
  object space 68608K, 48% used [0x0000000082e00000,0x0000000084e7a978,0x0000000087100000)
 Metaspace       used 24136K, capacity 24772K, committed 25136K, reserved 1071104K
  class space    used 2815K, capacity 2997K, committed 3120K, reserved 1048576K
Event: 4.226 GC heap after
Heap after GC invocations=10 (full 1):
 PSYoungGen      total 217600K, used 23522K [0x00000000d6500000, 0x00000000ead80000, 0x0000000100000000)
  eden space 194048K, 0% used [0x00000000d6500000,0x00000000d6500000,0x00000000e2280000)
  from space 23552K, 99% used [0x00000000e2280000,0x00000000e39789e0,0x00000000e3980000)
  to   space 33280K, 0% used [0x00000000e8d00000,0x00000000e8d00000,0x00000000ead80000)
 ParOldGen       total 68608K, used 48034K [0x0000000082e00000, 0x0000000087100000, 0x00000000d6500000)
  object space 68608K, 70% used [0x0000000082e00000,0x0000000085ce8b78,0x0000000087100000)
 Metaspace       used 24136K, capacity 24772K, committed 25136K, reserved 1071104K
  class space    used 2815K, capacity 2997K, committed 3120K, reserved 1048576K
}
Event: 4.646 GC heap before
{Heap before GC invocations=11 (full 1):
 PSYoungGen      total 217600K, used 217570K [0x00000000d6500000, 0x00000000ead80000, 0x0000000100000000)
  eden space 194048K, 100% used [0x00000000d6500000,0x00000000e2280000,0x00000000e2280000)
  from space 23552K, 99% used [0x00000000e2280000,0x00000000e39789e0,0x00000000e3980000)
  to   space 33280K, 0% used [0x00000000e8d00000,0x00000000e8d00000,0x00000000ead80000)
 ParOldGen       total 68608K, used 48034K [0x0000000082e00000, 0x0000000087100000, 0x00000000d6500000)
  object space 68608K, 70% used [0x0000000082e00000,0x0000000085ce8b78,0x0000000087100000)
 Metaspace       used 24149K, capacity 24782K, committed 25136K, reserved 1071104K
  class space    used 2817K, capacity 2999K, committed 3120K, reserved 1048576K
Event: 4.678 GC heap after
Heap after GC invocations=11 (full 1):
 PSYoungGen      total 294912K, used 33257K [0x00000000d6500000, 0x00000000ec480000, 0x0000000100000000)
  eden space 261632K, 0% used [0x00000000d6500000,0x00000000d6500000,0x00000000e6480000)
  from space 33280K, 99% used [0x00000000e8d00000,0x00000000ead7a790,0x00000000ead80000)
  to   space 41472K, 0% used [0x00000000e6480000,0x00000000e6480000,0x00000000e8d00000)
 ParOldGen       total 68608K, used 56985K [0x0000000082e00000, 0x0000000087100000, 0x00000000d6500000)
  object space 68608K, 83% used [0x0000000082e00000,0x00000000865a64d0,0x0000000087100000)
 Metaspace       used 24149K, capacity 24782K, committed 25136K, reserved 1071104K
  class space    used 2817K, capacity 2999K, committed 3120K, reserved 1048576K
}
Event: 4.678 GC heap before
{Heap before GC invocations=12 (full 2):
 PSYoungGen      total 294912K, used 33257K [0x00000000d6500000, 0x00000000ec480000, 0x0000000100000000)
  eden space 261632K, 0% used [0x00000000d6500000,0x00000000d6500000,0x00000000e6480000)
  from space 33280K, 99% used [0x00000000e8d00000,0x00000000ead7a790,0x00000000ead80000)
  to   space 41472K, 0% used [0x00000000e6480000,0x00000000e6480000,0x00000000e8d00000)
 ParOldGen       total 68608K, used 56985K [0x0000000082e00000, 0x0000000087100000, 0x00000000d6500000)
  object space 68608K, 83% used [0x0000000082e00000,0x00000000865a64d0,0x0000000087100000)
 Metaspace       used 24149K, capacity 24782K, committed 25136K, reserved 1071104K
  class space    used 2817K, capacity 2999K, committed 3120K, reserved 1048576K
Event: 4.738 GC heap after
Heap after GC invocations=12 (full 2):
 PSYoungGen      total 294912K, used 0K [0x00000000d6500000, 0x00000000ec480000, 0x0000000100000000)
  eden space 261632K, 0% used [0x00000000d6500000,0x00000000d6500000,0x00000000e6480000)
  from space 33280K, 0% used [0x00000000e8d00000,0x00000000e8d00000,0x00000000ead80000)
  to   space 41472K, 0% used [0x00000000e6480000,0x00000000e6480000,0x00000000e8d00000)
 ParOldGen       total 133120K, used 52953K [0x0000000082e00000, 0x000000008b000000, 0x00000000d6500000)
  object space 133120K, 39% used [0x0000000082e00000,0x00000000861b6790,0x000000008b000000)
 Metaspace       used 24149K, capacity 24782K, committed 25136K, reserved 1071104K
  class space    used 2817K, capacity 2999K, committed 3120K, reserved 1048576K
}
Event: 26.213 GC heap before
{Heap before GC invocations=13 (full 2):
 PSYoungGen      total 294912K, used 261632K [0x00000000d6500000, 0x00000000ec480000, 0x0000000100000000)
  eden space 261632K, 100% used [0x00000000d6500000,0x00000000e6480000,0x00000000e6480000)
  from space 33280K, 0% used [0x00000000e8d00000,0x00000000e8d00000,0x00000000ead80000)
  to   space 41472K, 0% used [0x00000000e6480000,0x00000000e6480000,0x00000000e8d00000)
 ParOldGen       total 133120K, used 52953K [0x0000000082e00000, 0x000000008b000000, 0x00000000d6500000)
  object space 133120K, 39% used [0x0000000082e00000,0x00000000861b6790,0x000000008b000000)
 Metaspace       used 36313K, capacity 37030K, committed 37424K, reserved 1081344K
  class space    used 4352K, capacity 4559K, committed 4656K, reserved 1048576K
Event: 26.233 GC heap after
Heap after GC invocations=13 (full 2):
 PSYoungGen      total 303104K, used 26398K [0x00000000d6500000, 0x00000000f1300000, 0x0000000100000000)
  eden space 261632K, 0% used [0x00000000d6500000,0x00000000d6500000,0x00000000e6480000)
  from space 41472K, 63% used [0x00000000e6480000,0x00000000e7e47958,0x00000000e8d00000)
  to   space 42496K, 0% used [0x00000000ee980000,0x00000000ee980000,0x00000000f1300000)
 ParOldGen       total 133120K, used 52961K [0x0000000082e00000, 0x000000008b000000, 0x00000000d6500000)
  object space 133120K, 39% used [0x0000000082e00000,0x00000000861b8790,0x000000008b000000)
 Metaspace       used 36313K, capacity 37030K, committed 37424K, reserved 1081344K
  class space    used 4352K, capacity 4559K, committed 4656K, reserved 1048576K
}

