# JRE version: Java(TM) SE Runtime Environment (8.0_181-b13) (build 1.8.0_181-b13)
# Java VM: Java HotSpot(TM) 64-Bit Server VM (25.181-b13 mixed mode windows-amd64 compressed oops)
Heap:
 PSYoungGen      total 389120K, used 310228K [0x00000000d6500000, 0x00000000f1200000, 0x0000000100000000)
  eden space 346112K, 89% used [0x00000000d6500000,0x00000000e93f5280,0x00000000eb700000)
  from space 43008K, 0% used [0x00000000ee180000,0x00000000ee180000,0x00000000f0b80000)
  to   space 43520K, 0% used [0x00000000eb700000,0x00000000eb700000,0x00000000ee180000)
 ParOldGen       total 108032K, used 28599K [0x0000000082e00000, 0x0000000089780000, 0x00000000d6500000)
  object space 108032K, 26% used [0x0000000082e00000,0x00000000849edc98,0x0000000089780000)
 Metaspace       used 44631K, capacity 45830K, committed 46000K, reserved 1089536K
  class space    used 5211K, capacity 5497K, committed 5552K, reserved 1048576K
GC Heap History (10 events):
Event: 4.672 GC heap before
{Heap before GC invocations=10 (full 1):
 PSYoungGen      total 203264K, used 203247K [0x00000000d6500000, 0x00000000e5380000, 0x0000000100000000)
  eden space 186368K, 100% used [0x00000000d6500000,0x00000000e1b00000,0x00000000e1b00000)
  from space 16896K, 99% used [0x00000000e3180000,0x00000000e41fbde0,0x00000000e4200000)
  to   space 23040K, 0% used [0x00000000e1b00000,0x00000000e1b00000,0x00000000e3180000)
 ParOldGen       total 72192K, used 30940K [0x0000000082e00000, 0x0000000087480000, 0x00000000d6500000)
  object space 72192K, 42% used [0x0000000082e00000,0x0000000084c37098,0x0000000087480000)
 Metaspace       used 24108K, capacity 24660K, committed 24880K, reserved 1071104K
  class space    used 2818K, capacity 2999K, committed 3120K, reserved 1048576K
Event: 4.705 GC heap after
Heap after GC invocations=10 (full 1):
 PSYoungGen      total 209408K, used 23029K [0x00000000d6500000, 0x00000000e9e00000, 0x0000000100000000)
  eden space 186368K, 0% used [0x00000000d6500000,0x00000000d6500000,0x00000000e1b00000)
  from space 23040K, 99% used [0x00000000e1b00000,0x00000000e317d488,0x00000000e3180000)
  to   space 31232K, 0% used [0x00000000e7f80000,0x00000000e7f80000,0x00000000e9e00000)
 ParOldGen       total 72192K, used 43237K [0x0000000082e00000, 0x0000000087480000, 0x00000000d6500000)
  object space 72192K, 59% used [0x0000000082e00000,0x0000000085839788,0x0000000087480000)
 Metaspace       used 24108K, capacity 24660K, committed 24880K, reserved 1071104K
  class space    used 2818K, capacity 2999K, committed 3120K, reserved 1048576K
}
Event: 5.433 GC heap before
{Heap before GC invocations=11 (full 1):
 PSYoungGen      total 209408K, used 209397K [0x00000000d6500000, 0x00000000e9e00000, 0x0000000100000000)
  eden space 186368K, 100% used [0x00000000d6500000,0x00000000e1b00000,0x00000000e1b00000)
  from space 23040K, 99% used [0x00000000e1b00000,0x00000000e317d488,0x00000000e3180000)
  to   space 31232K, 0% used [0x00000000e7f80000,0x00000000e7f80000,0x00000000e9e00000)
 ParOldGen       total 72192K, used 43237K [0x0000000082e00000, 0x0000000087480000, 0x00000000d6500000)
  object space 72192K, 59% used [0x0000000082e00000,0x0000000085839788,0x0000000087480000)
 Metaspace       used 24109K, capacity 24660K, committed 24880K, reserved 1071104K
  class space    used 2818K, capacity 2999K, committed 3120K, reserved 1048576K
Event: 5.474 GC heap after
Heap after GC invocations=11 (full 1):
 PSYoungGen      total 281600K, used 31222K [0x00000000d6500000, 0x00000000eb080000, 0x0000000100000000)
  eden space 250368K, 0% used [0x00000000d6500000,0x00000000d6500000,0x00000000e5980000)
  from space 31232K, 99% used [0x00000000e7f80000,0x00000000e9dfda38,0x00000000e9e00000)
  to   space 38912K, 0% used [0x00000000e5980000,0x00000000e5980000,0x00000000e7f80000)
 ParOldGen       total 72192K, used 51566K [0x0000000082e00000, 0x0000000087480000, 0x00000000d6500000)
  object space 72192K, 71% used [0x0000000082e00000,0x000000008605ba88,0x0000000087480000)
 Metaspace       used 24109K, capacity 24660K, committed 24880K, reserved 1071104K
  class space    used 2818K, capacity 2999K, committed 3120K, reserved 1048576K
}
Event: 6.629 GC heap before
{Heap before GC invocations=12 (full 1):
 PSYoungGen      total 281600K, used 281590K [0x00000000d6500000, 0x00000000eb080000, 0x0000000100000000)
  eden space 250368K, 100% used [0x00000000d6500000,0x00000000e5980000,0x00000000e5980000)
  from space 31232K, 99% used [0x00000000e7f80000,0x00000000e9dfda38,0x00000000e9e00000)
  to   space 38912K, 0% used [0x00000000e5980000,0x00000000e5980000,0x00000000e7f80000)
 ParOldGen       total 72192K, used 51566K [0x0000000082e00000, 0x0000000087480000, 0x00000000d6500000)
  object space 72192K, 71% used [0x0000000082e00000,0x000000008605ba88,0x0000000087480000)
 Metaspace       used 32545K, capacity 33242K, committed 33584K, reserved 1079296K
  class space    used 3809K, capacity 4043K, committed 4144K, reserved 1048576K
Event: 6.651 GC heap after
Heap after GC invocations=12 (full 1):
 PSYoungGen      total 289280K, used 33183K [0x00000000d6500000, 0x00000000f0b80000, 0x0000000100000000)
  eden space 250368K, 0% used [0x00000000d6500000,0x00000000d6500000,0x00000000e5980000)
  from space 38912K, 85% used [0x00000000e5980000,0x00000000e79e7f70,0x00000000e7f80000)
  to   space 43008K, 0% used [0x00000000ee180000,0x00000000ee180000,0x00000000f0b80000)
 ParOldGen       total 72192K, used 54813K [0x0000000082e00000, 0x0000000087480000, 0x00000000d6500000)
  object space 72192K, 75% used [0x0000000082e00000,0x00000000863877f0,0x0000000087480000)
 Metaspace       used 32545K, capacity 33242K, committed 33584K, reserved 1079296K
  class space    used 3809K, capacity 4043K, committed 4144K, reserved 1048576K
}
Event: 6.753 GC heap before
{Heap before GC invocations=13 (full 1):
 PSYoungGen      total 289280K, used 53348K [0x00000000d6500000, 0x00000000f0b80000, 0x0000000100000000)
  eden space 250368K, 8% used [0x00000000d6500000,0x00000000d78b10d0,0x00000000e5980000)
  from space 38912K, 85% used [0x00000000e5980000,0x00000000e79e7f70,0x00000000e7f80000)
  to   space 43008K, 0% used [0x00000000ee180000,0x00000000ee180000,0x00000000f0b80000)
 ParOldGen       total 72192K, used 54813K [0x0000000082e00000, 0x0000000087480000, 0x00000000d6500000)
  object space 72192K, 75% used [0x0000000082e00000,0x00000000863877f0,0x0000000087480000)
 Metaspace       used 34480K, capacity 35162K, committed 35496K, reserved 1081344K
  class space    used 4081K, capacity 4299K, committed 4400K, reserved 1048576K
Event: 6.760 GC heap after
Heap after GC invocations=13 (full 1):
 PSYoungGen      total 389120K, used 1462K [0x00000000d6500000, 0x00000000f1200000, 0x0000000100000000)
  eden space 346112K, 0% used [0x00000000d6500000,0x00000000d6500000,0x00000000eb700000)
  from space 43008K, 3% used [0x00000000ee180000,0x00000000ee2ed928,0x00000000f0b80000)
  to   space 43520K, 0% used [0x00000000eb700000,0x00000000eb700000,0x00000000ee180000)
 ParOldGen       total 72192K, used 63816K [0x0000000082e00000, 0x0000000087480000, 0x00000000d6500000)
  object space 72192K, 88% used [0x0000000082e00000,0x0000000086c52240,0x0000000087480000)
 Metaspace       used 34480K, capacity 35162K, committed 35496K, reserved 1081344K
  class space    used 4081K, capacity 4299K, committed 4400K, reserved 1048576K
}
Event: 6.760 GC heap before
{Heap before GC invocations=14 (full 2):
 PSYoungGen      total 389120K, used 1462K [0x00000000d6500000, 0x00000000f1200000, 0x0000000100000000)
  eden space 346112K, 0% used [0x00000000d6500000,0x00000000d6500000,0x00000000eb700000)
  from space 43008K, 3% used [0x00000000ee180000,0x00000000ee2ed928,0x00000000f0b80000)
  to   space 43520K, 0% used [0x00000000eb700000,0x00000000eb700000,0x00000000ee180000)
 ParOldGen       total 72192K, used 63816K [0x0000000082e00000, 0x0000000087480000, 0x00000000d6500000)
  object space 72192K, 88% used [0x0000000082e00000,0x0000000086c52240,0x0000000087480000)
 Metaspace       used 34480K, capacity 35162K, committed 35496K, reserved 1081344K
  class space    used 4081K, capacity 4299K, committed 4400K, reserved 1048576K
Event: 6.805 GC heap after
Heap after GC invocations=14 (full 2):
 PSYoungGen      total 389120K, used 0K [0x00000000d6500000, 0x00000000f1200000, 0x0000000100000000)
  eden space 346112K, 0% used [0x00000000d6500000,0x00000000d6500000,0x00000000eb700000)
  from space 43008K, 0% used [0x00000000ee180000,0x00000000ee180000,0x00000000f0b80000)
  to   space 43520K, 0% used [0x00000000eb700000,0x00000000eb700000,0x00000000ee180000)
 ParOldGen       total 108032K, used 28599K [0x0000000082e00000, 0x0000000089780000, 0x00000000d6500000)
  object space 108032K, 26% used [0x0000000082e00000,0x00000000849edc98,0x0000000089780000)
 Metaspace       used 34480K, capacity 35162K, committed 35496K, reserved 1081344K
  class space    used 4081K, capacity 4299K, committed 4400K, reserved 1048576K
}

